{"/Users/abhishekjain/Desktop/typescript-projects/Crontab-parser/parser.ts": {"path":"/Users/abhishekjain/Desktop/typescript-projects/Crontab-parser/parser.ts","statementMap":{"0":{"start":{"line":10,"column":2},"end":{"line":16,"column":null}},"1":{"start":{"line":9,"column":0},"end":{"line":9,"column":16}}},"fnMap":{"0":{"name":"parseCronString","decl":{"start":{"line":9,"column":16},"end":{"line":9,"column":31}},"loc":{"start":{"line":9,"column":50},"end":{"line":17,"column":1}}}},"branchMap":{},"s":{"0":1,"1":1},"f":{"0":1},"b":{}}
}
